<testsuites id="" name="" tests="2" failures="0" skipped="1" errors="0" time="5.906765999999999">
<testsuite name="site-flow.spec.ts" timestamp="2026-04-07T20:42:59.111Z" hostname="chromium" tests="2" failures="0" skipped="1" time="5.395" errors="0">
<testcase name="Site flow + lag detection › public routes should stay responsive" classname="site-flow.spec.ts" time="4.718">
<properties>
<property name="latency" value="home=3485ms, products=328ms, categories=286ms, about=274ms">
</property>
</properties>
</testcase>
<testcase name="Site flow + lag detection › authenticated chat flow and protected route should load" classname="site-flow.spec.ts">
<properties>
<property name="skip" value="Set E2E_USER_EMAIL and E2E_USER_PASSWORD to run this test">
</property>
</properties>
<skipped>
</skipped>
</testcase>
</testsuite>
</testsuites>