<testsuites id="" name="" tests="75" failures="0" skipped="0" errors="75" time="43.67903">
<testsuite name="security.spec.ts" timestamp="2026-04-05T23:14:44.324Z" hostname="chromium" tests="15" failures="0" skipped="0" time="43.081" errors="15">
<testcase name="Security Tests › XSS Protection › should sanitize XSS in search input" classname="security.spec.ts" time="2.992">
<system-err>
<![CDATA[
Warning: attachment artifacts\security-Security-Tests-XS-2fe5c-anitize-XSS-in-search-input-chromium\test-failed-1.png is missing
Warning: attachment artifacts\security-Security-Tests-XS-2fe5c-anitize-XSS-in-search-input-chromium\error-context.md is missing]]>
</system-err>
<error message="page.goto: net::ERR_CONNECTION_REFUSED at http://localhost:5173/" type="Error">
<![CDATA[  [chromium] › security.spec.ts:14:5 › Security Tests › XSS Protection › should sanitize XSS in search input 

    Error: page.goto: net::ERR_CONNECTION_REFUSED at http://localhost:5173/
    Call log:
      - navigating to "http://localhost:5173/", waiting until "load"


       8 | test.describe('Security Tests', () => {
       9 |   test.beforeEach(async ({ page }) => {
    > 10 |     await page.goto('/');
         |                ^
      11 |   });
      12 |
      13 |   test.describe('XSS Protection', () => {
        at C:\Users\yn098\youssef's project\Aurora\flutter\aurora_ecommerse\vite-react\e2e\security.spec.ts:10:16

    attachment #1: screenshot (image/png) ──────────────────────────────────────────────────────────
    ..\playwright-report\artifacts\security-Security-Tests-XS-2fe5c-anitize-XSS-in-search-input-chromium\test-failed-1.png
    ────────────────────────────────────────────────────────────────────────────────────────────────

    Error Context: ..\playwright-report\artifacts\security-Security-Tests-XS-2fe5c-anitize-XSS-in-search-input-chromium\error-context.md
]]>
</error>
</testcase>
<testcase name="Security Tests › XSS Protection › should sanitize XSS in comment form" classname="security.spec.ts" time="3.022">
<system-err>
<![CDATA[
Warning: attachment artifacts\security-Security-Tests-XS-0601d-anitize-XSS-in-comment-form-chromium\test-failed-1.png is missing
Warning: attachment artifacts\security-Security-Tests-XS-0601d-anitize-XSS-in-comment-form-chromium\error-context.md is missing]]>
</system-err>
<error message="page.goto: net::ERR_CONNECTION_REFUSED at http://localhost:5173/" type="Error">
<![CDATA[  [chromium] › security.spec.ts:35:5 › Security Tests › XSS Protection › should sanitize XSS in comment form 

    Error: page.goto: net::ERR_CONNECTION_REFUSED at http://localhost:5173/
    Call log:
      - navigating to "http://localhost:5173/", waiting until "load"


       8 | test.describe('Security Tests', () => {
       9 |   test.beforeEach(async ({ page }) => {
    > 10 |     await page.goto('/');
         |                ^
      11 |   });
      12 |
      13 |   test.describe('XSS Protection', () => {
        at C:\Users\yn098\youssef's project\Aurora\flutter\aurora_ecommerse\vite-react\e2e\security.spec.ts:10:16

    attachment #1: screenshot (image/png) ──────────────────────────────────────────────────────────
    ..\playwright-report\artifacts\security-Security-Tests-XS-0601d-anitize-XSS-in-comment-form-chromium\test-failed-1.png
    ────────────────────────────────────────────────────────────────────────────────────────────────

    Error Context: ..\playwright-report\artifacts\security-Security-Tests-XS-0601d-anitize-XSS-in-comment-form-chromium\error-context.md
]]>
</error>
</testcase>
<testcase name="Security Tests › XSS Protection › should escape HTML in user-generated content" classname="security.spec.ts" time="2.998">
<system-err>
<![CDATA[
Warning: attachment artifacts\security-Security-Tests-XS-cada5-L-in-user-generated-content-chromium\test-failed-1.png is missing
Warning: attachment artifacts\security-Security-Tests-XS-cada5-L-in-user-generated-content-chromium\error-context.md is missing]]>
</system-err>
<error message="page.goto: net::ERR_CONNECTION_REFUSED at http://localhost:5173/" type="Error">
<![CDATA[  [chromium] › security.spec.ts:61:5 › Security Tests › XSS Protection › should escape HTML in user-generated content 

    Error: page.goto: net::ERR_CONNECTION_REFUSED at http://localhost:5173/
    Call log:
      - navigating to "http://localhost:5173/", waiting until "load"


       8 | test.describe('Security Tests', () => {
       9 |   test.beforeEach(async ({ page }) => {
    > 10 |     await page.goto('/');
         |                ^
      11 |   });
      12 |
      13 |   test.describe('XSS Protection', () => {
        at C:\Users\yn098\youssef's project\Aurora\flutter\aurora_ecommerse\vite-react\e2e\security.spec.ts:10:16

    attachment #1: screenshot (image/png) ──────────────────────────────────────────────────────────
    ..\playwright-report\artifacts\security-Security-Tests-XS-cada5-L-in-user-generated-content-chromium\test-failed-1.png
    ────────────────────────────────────────────────────────────────────────────────────────────────

    Error Context: ..\playwright-report\artifacts\security-Security-Tests-XS-cada5-L-in-user-generated-content-chromium\error-context.md
]]>
</error>
</testcase>
<testcase name="Security Tests › CSRF Protection › should include CSRF token in forms" classname="security.spec.ts" time="2.996">
<system-err>
<![CDATA[
Warning: attachment artifacts\security-Security-Tests-CS-7919a-include-CSRF-token-in-forms-chromium\test-failed-1.png is missing
Warning: attachment artifacts\security-Security-Tests-CS-7919a-include-CSRF-token-in-forms-chromium\error-context.md is missing]]>
</system-err>
<error message="page.goto: net::ERR_CONNECTION_REFUSED at http://localhost:5173/" type="Error">
<![CDATA[  [chromium] › security.spec.ts:76:5 › Security Tests › CSRF Protection › should include CSRF token in forms 

    Error: page.goto: net::ERR_CONNECTION_REFUSED at http://localhost:5173/
    Call log:
      - navigating to "http://localhost:5173/", waiting until "load"


       8 | test.describe('Security Tests', () => {
       9 |   test.beforeEach(async ({ page }) => {
    > 10 |     await page.goto('/');
         |                ^
      11 |   });
      12 |
      13 |   test.describe('XSS Protection', () => {
        at C:\Users\yn098\youssef's project\Aurora\flutter\aurora_ecommerse\vite-react\e2e\security.spec.ts:10:16

    attachment #1: screenshot (image/png) ──────────────────────────────────────────────────────────
    ..\playwright-report\artifacts\security-Security-Tests-CS-7919a-include-CSRF-token-in-forms-chromium\test-failed-1.png
    ────────────────────────────────────────────────────────────────────────────────────────────────

    Error Context: ..\playwright-report\artifacts\security-Security-Tests-CS-7919a-include-CSRF-token-in-forms-chromium\error-context.md
]]>
</error>
</testcase>
<testcase name="Security Tests › CSRF Protection › should include CSRF token in API requests" classname="security.spec.ts" time="2.997">
<system-err>
<![CDATA[
Warning: attachment artifacts\security-Security-Tests-CS-c2274--CSRF-token-in-API-requests-chromium\test-failed-1.png is missing
Warning: attachment artifacts\security-Security-Tests-CS-c2274--CSRF-token-in-API-requests-chromium\error-context.md is missing]]>
</system-err>
<error message="page.goto: net::ERR_CONNECTION_REFUSED at http://localhost:5173/" type="Error">
<![CDATA[  [chromium] › security.spec.ts:84:5 › Security Tests › CSRF Protection › should include CSRF token in API requests 

    Error: page.goto: net::ERR_CONNECTION_REFUSED at http://localhost:5173/
    Call log:
      - navigating to "http://localhost:5173/", waiting until "load"


       8 | test.describe('Security Tests', () => {
       9 |   test.beforeEach(async ({ page }) => {
    > 10 |     await page.goto('/');
         |                ^
      11 |   });
      12 |
      13 |   test.describe('XSS Protection', () => {
        at C:\Users\yn098\youssef's project\Aurora\flutter\aurora_ecommerse\vite-react\e2e\security.spec.ts:10:16

    attachment #1: screenshot (image/png) ──────────────────────────────────────────────────────────
    ..\playwright-report\artifacts\security-Security-Tests-CS-c2274--CSRF-token-in-API-requests-chromium\test-failed-1.png
    ────────────────────────────────────────────────────────────────────────────────────────────────

    Error Context: ..\playwright-report\artifacts\security-Security-Tests-CS-c2274--CSRF-token-in-API-requests-chromium\error-context.md
]]>
</error>
</testcase>
<testcase name="Security Tests › Input Validation › should validate email format" classname="security.spec.ts" time="2.997">
<system-err>
<![CDATA[
Warning: attachment artifacts\security-Security-Tests-In-c7490-hould-validate-email-format-chromium\test-failed-1.png is missing
Warning: attachment artifacts\security-Security-Tests-In-c7490-hould-validate-email-format-chromium\error-context.md is missing]]>
</system-err>
<error message="page.goto: net::ERR_CONNECTION_REFUSED at http://localhost:5173/" type="Error">
<![CDATA[  [chromium] › security.spec.ts:112:5 › Security Tests › Input Validation › should validate email format 

    Error: page.goto: net::ERR_CONNECTION_REFUSED at http://localhost:5173/
    Call log:
      - navigating to "http://localhost:5173/", waiting until "load"


       8 | test.describe('Security Tests', () => {
       9 |   test.beforeEach(async ({ page }) => {
    > 10 |     await page.goto('/');
         |                ^
      11 |   });
      12 |
      13 |   test.describe('XSS Protection', () => {
        at C:\Users\yn098\youssef's project\Aurora\flutter\aurora_ecommerse\vite-react\e2e\security.spec.ts:10:16

    attachment #1: screenshot (image/png) ──────────────────────────────────────────────────────────
    ..\playwright-report\artifacts\security-Security-Tests-In-c7490-hould-validate-email-format-chromium\test-failed-1.png
    ────────────────────────────────────────────────────────────────────────────────────────────────

    Error Context: ..\playwright-report\artifacts\security-Security-Tests-In-c7490-hould-validate-email-format-chromium\error-context.md
]]>
</error>
</testcase>
<testcase name="Security Tests › Input Validation › should validate phone format" classname="security.spec.ts" time="3.019">
<system-err>
<![CDATA[
Warning: attachment artifacts\security-Security-Tests-In-cfede-hould-validate-phone-format-chromium\test-failed-1.png is missing
Warning: attachment artifacts\security-Security-Tests-In-cfede-hould-validate-phone-format-chromium\error-context.md is missing]]>
</system-err>
<error message="page.goto: net::ERR_CONNECTION_REFUSED at http://localhost:5173/" type="Error">
<![CDATA[  [chromium] › security.spec.ts:122:5 › Security Tests › Input Validation › should validate phone format 

    Error: page.goto: net::ERR_CONNECTION_REFUSED at http://localhost:5173/
    Call log:
      - navigating to "http://localhost:5173/", waiting until "load"


       8 | test.describe('Security Tests', () => {
       9 |   test.beforeEach(async ({ page }) => {
    > 10 |     await page.goto('/');
         |                ^
      11 |   });
      12 |
      13 |   test.describe('XSS Protection', () => {
        at C:\Users\yn098\youssef's project\Aurora\flutter\aurora_ecommerse\vite-react\e2e\security.spec.ts:10:16

    attachment #1: screenshot (image/png) ──────────────────────────────────────────────────────────
    ..\playwright-report\artifacts\security-Security-Tests-In-cfede-hould-validate-phone-format-chromium\test-failed-1.png
    ────────────────────────────────────────────────────────────────────────────────────────────────

    Error Context: ..\playwright-report\artifacts\security-Security-Tests-In-cfede-hould-validate-phone-format-chromium\error-context.md
]]>
</error>
</testcase>
<testcase name="Security Tests › Input Validation › should enforce password requirements" classname="security.spec.ts" time="2.996">
<system-err>
<![CDATA[
Warning: attachment artifacts\security-Security-Tests-In-57868-force-password-requirements-chromium\test-failed-1.png is missing
Warning: attachment artifacts\security-Security-Tests-In-57868-force-password-requirements-chromium\error-context.md is missing]]>
</system-err>
<error message="page.goto: net::ERR_CONNECTION_REFUSED at http://localhost:5173/" type="Error">
<![CDATA[  [chromium] › security.spec.ts:134:5 › Security Tests › Input Validation › should enforce password requirements 

    Error: page.goto: net::ERR_CONNECTION_REFUSED at http://localhost:5173/
    Call log:
      - navigating to "http://localhost:5173/", waiting until "load"


       8 | test.describe('Security Tests', () => {
       9 |   test.beforeEach(async ({ page }) => {
    > 10 |     await page.goto('/');
         |                ^
      11 |   });
      12 |
      13 |   test.describe('XSS Protection', () => {
        at C:\Users\yn098\youssef's project\Aurora\flutter\aurora_ecommerse\vite-react\e2e\security.spec.ts:10:16

    attachment #1: screenshot (image/png) ──────────────────────────────────────────────────────────
    ..\playwright-report\artifacts\security-Security-Tests-In-57868-force-password-requirements-chromium\test-failed-1.png
    ────────────────────────────────────────────────────────────────────────────────────────────────

    Error Context: ..\playwright-report\artifacts\security-Security-Tests-In-57868-force-password-requirements-chromium\error-context.md
]]>
</error>
</testcase>
<testcase name="Security Tests › Input Validation › should limit input length" classname="security.spec.ts" time="2.768">
<system-err>
<![CDATA[
Warning: attachment artifacts\security-Security-Tests-In-5a5e3-n-should-limit-input-length-chromium\test-failed-1.png is missing
Warning: attachment artifacts\security-Security-Tests-In-5a5e3-n-should-limit-input-length-chromium\error-context.md is missing]]>
</system-err>
<error message="page.goto: net::ERR_CONNECTION_REFUSED at http://localhost:5173/" type="Error">
<![CDATA[  [chromium] › security.spec.ts:144:5 › Security Tests › Input Validation › should limit input length 

    Error: page.goto: net::ERR_CONNECTION_REFUSED at http://localhost:5173/
    Call log:
      - navigating to "http://localhost:5173/", waiting until "load"


       8 | test.describe('Security Tests', () => {
       9 |   test.beforeEach(async ({ page }) => {
    > 10 |     await page.goto('/');
         |                ^
      11 |   });
      12 |
      13 |   test.describe('XSS Protection', () => {
        at C:\Users\yn098\youssef's project\Aurora\flutter\aurora_ecommerse\vite-react\e2e\security.spec.ts:10:16

    attachment #1: screenshot (image/png) ──────────────────────────────────────────────────────────
    ..\playwright-report\artifacts\security-Security-Tests-In-5a5e3-n-should-limit-input-length-chromium\test-failed-1.png
    ────────────────────────────────────────────────────────────────────────────────────────────────

    Error Context: ..\playwright-report\artifacts\security-Security-Tests-In-5a5e3-n-should-limit-input-length-chromium\error-context.md
]]>
</error>
</testcase>
<testcase name="Security Tests › Security Headers › should have security headers" classname="security.spec.ts" time="2.836">
<system-err>
<![CDATA[
Warning: attachment artifacts\security-Security-Tests-Se-731de-hould-have-security-headers-chromium\test-failed-1.png is missing
Warning: attachment artifacts\security-Security-Tests-Se-731de-hould-have-security-headers-chromium\error-context.md is missing]]>
</system-err>
<error message="page.goto: net::ERR_CONNECTION_REFUSED at http://localhost:5173/" type="Error">
<![CDATA[  [chromium] › security.spec.ts:159:5 › Security Tests › Security Headers › should have security headers 

    Error: page.goto: net::ERR_CONNECTION_REFUSED at http://localhost:5173/
    Call log:
      - navigating to "http://localhost:5173/", waiting until "load"


       8 | test.describe('Security Tests', () => {
       9 |   test.beforeEach(async ({ page }) => {
    > 10 |     await page.goto('/');
         |                ^
      11 |   });
      12 |
      13 |   test.describe('XSS Protection', () => {
        at C:\Users\yn098\youssef's project\Aurora\flutter\aurora_ecommerse\vite-react\e2e\security.spec.ts:10:16

    attachment #1: screenshot (image/png) ──────────────────────────────────────────────────────────
    ..\playwright-report\artifacts\security-Security-Tests-Se-731de-hould-have-security-headers-chromium\test-failed-1.png
    ────────────────────────────────────────────────────────────────────────────────────────────────

    Error Context: ..\playwright-report\artifacts\security-Security-Tests-Se-731de-hould-have-security-headers-chromium\error-context.md
]]>
</error>
</testcase>
<testcase name="Security Tests › Clickjacking Protection › should prevent framing" classname="security.spec.ts" time="2.825">
<system-err>
<![CDATA[
Warning: attachment artifacts\security-Security-Tests-Cl-a6682-tion-should-prevent-framing-chromium\test-failed-1.png is missing
Warning: attachment artifacts\security-Security-Tests-Cl-a6682-tion-should-prevent-framing-chromium\error-context.md is missing]]>
</system-err>
<error message="page.goto: net::ERR_CONNECTION_REFUSED at http://localhost:5173/" type="Error">
<![CDATA[  [chromium] › security.spec.ts:177:5 › Security Tests › Clickjacking Protection › should prevent framing 

    Error: page.goto: net::ERR_CONNECTION_REFUSED at http://localhost:5173/
    Call log:
      - navigating to "http://localhost:5173/", waiting until "load"


       8 | test.describe('Security Tests', () => {
       9 |   test.beforeEach(async ({ page }) => {
    > 10 |     await page.goto('/');
         |                ^
      11 |   });
      12 |
      13 |   test.describe('XSS Protection', () => {
        at C:\Users\yn098\youssef's project\Aurora\flutter\aurora_ecommerse\vite-react\e2e\security.spec.ts:10:16

    attachment #1: screenshot (image/png) ──────────────────────────────────────────────────────────
    ..\playwright-report\artifacts\security-Security-Tests-Cl-a6682-tion-should-prevent-framing-chromium\test-failed-1.png
    ────────────────────────────────────────────────────────────────────────────────────────────────

    Error Context: ..\playwright-report\artifacts\security-Security-Tests-Cl-a6682-tion-should-prevent-framing-chromium\error-context.md
]]>
</error>
</testcase>
<testcase name="Security Tests › Session Security › should use secure cookies" classname="security.spec.ts" time="2.691">
<system-err>
<![CDATA[
Warning: attachment artifacts\security-Security-Tests-Se-99354-y-should-use-secure-cookies-chromium\test-failed-1.png is missing
Warning: attachment artifacts\security-Security-Tests-Se-99354-y-should-use-secure-cookies-chromium\error-context.md is missing]]>
</system-err>
<error message="page.goto: net::ERR_CONNECTION_REFUSED at http://localhost:5173/" type="Error">
<![CDATA[  [chromium] › security.spec.ts:196:5 › Security Tests › Session Security › should use secure cookies 

    Error: page.goto: net::ERR_CONNECTION_REFUSED at http://localhost:5173/
    Call log:
      - navigating to "http://localhost:5173/", waiting until "load"


       8 | test.describe('Security Tests', () => {
       9 |   test.beforeEach(async ({ page }) => {
    > 10 |     await page.goto('/');
         |                ^
      11 |   });
      12 |
      13 |   test.describe('XSS Protection', () => {
        at C:\Users\yn098\youssef's project\Aurora\flutter\aurora_ecommerse\vite-react\e2e\security.spec.ts:10:16

    attachment #1: screenshot (image/png) ──────────────────────────────────────────────────────────
    ..\playwright-report\artifacts\security-Security-Tests-Se-99354-y-should-use-secure-cookies-chromium\test-failed-1.png
    ────────────────────────────────────────────────────────────────────────────────────────────────

    Error Context: ..\playwright-report\artifacts\security-Security-Tests-Se-99354-y-should-use-secure-cookies-chromium\error-context.md
]]>
</error>
</testcase>
<testcase name="Security Tests › Session Security › should logout and clear session" classname="security.spec.ts" time="2.604">
<system-err>
<![CDATA[
Warning: attachment artifacts\security-Security-Tests-Se-786f4-ld-logout-and-clear-session-chromium\test-failed-1.png is missing
Warning: attachment artifacts\security-Security-Tests-Se-786f4-ld-logout-and-clear-session-chromium\error-context.md is missing]]>
</system-err>
<error message="page.goto: net::ERR_CONNECTION_REFUSED at http://localhost:5173/" type="Error">
<![CDATA[  [chromium] › security.spec.ts:210:5 › Security Tests › Session Security › should logout and clear session 

    Error: page.goto: net::ERR_CONNECTION_REFUSED at http://localhost:5173/
    Call log:
      - navigating to "http://localhost:5173/", waiting until "load"


       8 | test.describe('Security Tests', () => {
       9 |   test.beforeEach(async ({ page }) => {
    > 10 |     await page.goto('/');
         |                ^
      11 |   });
      12 |
      13 |   test.describe('XSS Protection', () => {
        at C:\Users\yn098\youssef's project\Aurora\flutter\aurora_ecommerse\vite-react\e2e\security.spec.ts:10:16

    attachment #1: screenshot (image/png) ──────────────────────────────────────────────────────────
    ..\playwright-report\artifacts\security-Security-Tests-Se-786f4-ld-logout-and-clear-session-chromium\test-failed-1.png
    ────────────────────────────────────────────────────────────────────────────────────────────────

    Error Context: ..\playwright-report\artifacts\security-Security-Tests-Se-786f4-ld-logout-and-clear-session-chromium\error-context.md
]]>
</error>
</testcase>
<testcase name="Security Tests › Error Handling › should show generic error messages" classname="security.spec.ts" time="2.681">
<system-err>
<![CDATA[
Warning: attachment artifacts\security-Security-Tests-Er-bada1-show-generic-error-messages-chromium\test-failed-1.png is missing
Warning: attachment artifacts\security-Security-Tests-Er-bada1-show-generic-error-messages-chromium\error-context.md is missing]]>
</system-err>
<error message="page.goto: net::ERR_CONNECTION_REFUSED at http://localhost:5173/" type="Error">
<![CDATA[  [chromium] › security.spec.ts:234:5 › Security Tests › Error Handling › should show generic error messages 

    Error: page.goto: net::ERR_CONNECTION_REFUSED at http://localhost:5173/
    Call log:
      - navigating to "http://localhost:5173/", waiting until "load"


       8 | test.describe('Security Tests', () => {
       9 |   test.beforeEach(async ({ page }) => {
    > 10 |     await page.goto('/');
         |                ^
      11 |   });
      12 |
      13 |   test.describe('XSS Protection', () => {
        at C:\Users\yn098\youssef's project\Aurora\flutter\aurora_ecommerse\vite-react\e2e\security.spec.ts:10:16

    attachment #1: screenshot (image/png) ──────────────────────────────────────────────────────────
    ..\playwright-report\artifacts\security-Security-Tests-Er-bada1-show-generic-error-messages-chromium\test-failed-1.png
    ────────────────────────────────────────────────────────────────────────────────────────────────

    Error Context: ..\playwright-report\artifacts\security-Security-Tests-Er-bada1-show-generic-error-messages-chromium\error-context.md
]]>
</error>
</testcase>
<testcase name="Security Tests › Error Handling › should handle 404 errors" classname="security.spec.ts" time="2.659">
<system-err>
<![CDATA[
Warning: attachment artifacts\security-Security-Tests-Er-c072c-ng-should-handle-404-errors-chromium\test-failed-1.png is missing
Warning: attachment artifacts\security-Security-Tests-Er-c072c-ng-should-handle-404-errors-chromium\error-context.md is missing]]>
</system-err>
<error message="page.goto: net::ERR_CONNECTION_REFUSED at http://localhost:5173/" type="Error">
<![CDATA[  [chromium] › security.spec.ts:250:5 › Security Tests › Error Handling › should handle 404 errors ─

    Error: page.goto: net::ERR_CONNECTION_REFUSED at http://localhost:5173/
    Call log:
      - navigating to "http://localhost:5173/", waiting until "load"


       8 | test.describe('Security Tests', () => {
       9 |   test.beforeEach(async ({ page }) => {
    > 10 |     await page.goto('/');
         |                ^
      11 |   });
      12 |
      13 |   test.describe('XSS Protection', () => {
        at C:\Users\yn098\youssef's project\Aurora\flutter\aurora_ecommerse\vite-react\e2e\security.spec.ts:10:16

    attachment #1: screenshot (image/png) ──────────────────────────────────────────────────────────
    ..\playwright-report\artifacts\security-Security-Tests-Er-c072c-ng-should-handle-404-errors-chromium\test-failed-1.png
    ────────────────────────────────────────────────────────────────────────────────────────────────

    Error Context: ..\playwright-report\artifacts\security-Security-Tests-Er-c072c-ng-should-handle-404-errors-chromium\error-context.md
]]>
</error>
</testcase>
</testsuite>
<testsuite name="security.spec.ts" timestamp="2026-04-05T23:14:44.324Z" hostname="firefox" tests="15" failures="0" skipped="0" time="56.634" errors="15">
<testcase name="Security Tests › XSS Protection › should sanitize XSS in search input" classname="security.spec.ts" time="3.308">
<system-err>
<![CDATA[
Warning: attachment artifacts\security-Security-Tests-XS-2fe5c-anitize-XSS-in-search-input-firefox\test-failed-1.png is missing
Warning: attachment artifacts\security-Security-Tests-XS-2fe5c-anitize-XSS-in-search-input-firefox\error-context.md is missing]]>
</system-err>
<error message="page.goto: NS_ERROR_CONNECTION_REFUSED" type="Error">
<![CDATA[  [firefox] › security.spec.ts:14:5 › Security Tests › XSS Protection › should sanitize XSS in search input 

    Error: page.goto: NS_ERROR_CONNECTION_REFUSED
    Call log:
      - navigating to "http://localhost:5173/", waiting until "load"


       8 | test.describe('Security Tests', () => {
       9 |   test.beforeEach(async ({ page }) => {
    > 10 |     await page.goto('/');
         |                ^
      11 |   });
      12 |
      13 |   test.describe('XSS Protection', () => {
        at C:\Users\yn098\youssef's project\Aurora\flutter\aurora_ecommerse\vite-react\e2e\security.spec.ts:10:16

    attachment #1: screenshot (image/png) ──────────────────────────────────────────────────────────
    ..\playwright-report\artifacts\security-Security-Tests-XS-2fe5c-anitize-XSS-in-search-input-firefox\test-failed-1.png
    ────────────────────────────────────────────────────────────────────────────────────────────────

    Error Context: ..\playwright-report\artifacts\security-Security-Tests-XS-2fe5c-anitize-XSS-in-search-input-firefox\error-context.md
]]>
</error>
</testcase>
<testcase name="Security Tests › XSS Protection › should sanitize XSS in comment form" classname="security.spec.ts" time="3.539">
<system-err>
<![CDATA[
Warning: attachment artifacts\security-Security-Tests-XS-0601d-anitize-XSS-in-comment-form-firefox\test-failed-1.png is missing
Warning: attachment artifacts\security-Security-Tests-XS-0601d-anitize-XSS-in-comment-form-firefox\error-context.md is missing]]>
</system-err>
<error message="page.goto: NS_ERROR_CONNECTION_REFUSED" type="Error">
<![CDATA[  [firefox] › security.spec.ts:35:5 › Security Tests › XSS Protection › should sanitize XSS in comment form 

    Error: page.goto: NS_ERROR_CONNECTION_REFUSED
    Call log:
      - navigating to "http://localhost:5173/", waiting until "load"


       8 | test.describe('Security Tests', () => {
       9 |   test.beforeEach(async ({ page }) => {
    > 10 |     await page.goto('/');
         |                ^
      11 |   });
      12 |
      13 |   test.describe('XSS Protection', () => {
        at C:\Users\yn098\youssef's project\Aurora\flutter\aurora_ecommerse\vite-react\e2e\security.spec.ts:10:16

    attachment #1: screenshot (image/png) ──────────────────────────────────────────────────────────
    ..\playwright-report\artifacts\security-Security-Tests-XS-0601d-anitize-XSS-in-comment-form-firefox\test-failed-1.png
    ────────────────────────────────────────────────────────────────────────────────────────────────

    Error Context: ..\playwright-report\artifacts\security-Security-Tests-XS-0601d-anitize-XSS-in-comment-form-firefox\error-context.md
]]>
</error>
</testcase>
<testcase name="Security Tests › XSS Protection › should escape HTML in user-generated content" classname="security.spec.ts" time="3.868">
<system-err>
<![CDATA[
Warning: attachment artifacts\security-Security-Tests-XS-cada5-L-in-user-generated-content-firefox\test-failed-1.png is missing
Warning: attachment artifacts\security-Security-Tests-XS-cada5-L-in-user-generated-content-firefox\error-context.md is missing]]>
</system-err>
<error message="page.goto: NS_ERROR_CONNECTION_REFUSED" type="Error">
<![CDATA[  [firefox] › security.spec.ts:61:5 › Security Tests › XSS Protection › should escape HTML in user-generated content 

    Error: page.goto: NS_ERROR_CONNECTION_REFUSED
    Call log:
      - navigating to "http://localhost:5173/", waiting until "load"


       8 | test.describe('Security Tests', () => {
       9 |   test.beforeEach(async ({ page }) => {
    > 10 |     await page.goto('/');
         |                ^
      11 |   });
      12 |
      13 |   test.describe('XSS Protection', () => {
        at C:\Users\yn098\youssef's project\Aurora\flutter\aurora_ecommerse\vite-react\e2e\security.spec.ts:10:16

    attachment #1: screenshot (image/png) ──────────────────────────────────────────────────────────
    ..\playwright-report\artifacts\security-Security-Tests-XS-cada5-L-in-user-generated-content-firefox\test-failed-1.png
    ────────────────────────────────────────────────────────────────────────────────────────────────

    Error Context: ..\playwright-report\artifacts\security-Security-Tests-XS-cada5-L-in-user-generated-content-firefox\error-context.md
]]>
</error>
</testcase>
<testcase name="Security Tests › CSRF Protection › should include CSRF token in forms" classname="security.spec.ts" time="3.764">
<system-err>
<![CDATA[
Warning: attachment artifacts\security-Security-Tests-CS-7919a-include-CSRF-token-in-forms-firefox\test-failed-1.png is missing
Warning: attachment artifacts\security-Security-Tests-CS-7919a-include-CSRF-token-in-forms-firefox\error-context.md is missing]]>
</system-err>
<error message="page.goto: NS_ERROR_CONNECTION_REFUSED" type="Error">
<![CDATA[  [firefox] › security.spec.ts:76:5 › Security Tests › CSRF Protection › should include CSRF token in forms 

    Error: page.goto: NS_ERROR_CONNECTION_REFUSED
    Call log:
      - navigating to "http://localhost:5173/", waiting until "load"


       8 | test.describe('Security Tests', () => {
       9 |   test.beforeEach(async ({ page }) => {
    > 10 |     await page.goto('/');
         |                ^
      11 |   });
      12 |
      13 |   test.describe('XSS Protection', () => {
        at C:\Users\yn098\youssef's project\Aurora\flutter\aurora_ecommerse\vite-react\e2e\security.spec.ts:10:16

    attachment #1: screenshot (image/png) ──────────────────────────────────────────────────────────
    ..\playwright-report\artifacts\security-Security-Tests-CS-7919a-include-CSRF-token-in-forms-firefox\test-failed-1.png
    ────────────────────────────────────────────────────────────────────────────────────────────────

    Error Context: ..\playwright-report\artifacts\security-Security-Tests-CS-7919a-include-CSRF-token-in-forms-firefox\error-context.md
]]>
</error>
</testcase>
<testcase name="Security Tests › CSRF Protection › should include CSRF token in API requests" classname="security.spec.ts" time="3.83">
<system-err>
<![CDATA[
Warning: attachment artifacts\security-Security-Tests-CS-c2274--CSRF-token-in-API-requests-firefox\test-failed-1.png is missing
Warning: attachment artifacts\security-Security-Tests-CS-c2274--CSRF-token-in-API-requests-firefox\error-context.md is missing]]>
</system-err>
<error message="page.goto: NS_ERROR_CONNECTION_REFUSED" type="Error">
<![CDATA[  [firefox] › security.spec.ts:84:5 › Security Tests › CSRF Protection › should include CSRF token in API requests 

    Error: page.goto: NS_ERROR_CONNECTION_REFUSED
    Call log:
      - navigating to "http://localhost:5173/", waiting until "load"


       8 | test.describe('Security Tests', () => {
       9 |   test.beforeEach(async ({ page }) => {
    > 10 |     await page.goto('/');
         |                ^
      11 |   });
      12 |
      13 |   test.describe('XSS Protection', () => {
        at C:\Users\yn098\youssef's project\Aurora\flutter\aurora_ecommerse\vite-react\e2e\security.spec.ts:10:16

    attachment #1: screenshot (image/png) ──────────────────────────────────────────────────────────
    ..\playwright-report\artifacts\security-Security-Tests-CS-c2274--CSRF-token-in-API-requests-firefox\test-failed-1.png
    ────────────────────────────────────────────────────────────────────────────────────────────────

    Error Context: ..\playwright-report\artifacts\security-Security-Tests-CS-c2274--CSRF-token-in-API-requests-firefox\error-context.md
]]>
</error>
</testcase>
<testcase name="Security Tests › Input Validation › should validate email format" classname="security.spec.ts" time="3.737">
<system-err>
<![CDATA[
Warning: attachment artifacts\security-Security-Tests-In-c7490-hould-validate-email-format-firefox\test-failed-1.png is missing
Warning: attachment artifacts\security-Security-Tests-In-c7490-hould-validate-email-format-firefox\error-context.md is missing]]>
</system-err>
<error message="page.goto: NS_ERROR_CONNECTION_REFUSED" type="Error">
<![CDATA[  [firefox] › security.spec.ts:112:5 › Security Tests › Input Validation › should validate email format 

    Error: page.goto: NS_ERROR_CONNECTION_REFUSED
    Call log:
      - navigating to "http://localhost:5173/", waiting until "load"


       8 | test.describe('Security Tests', () => {
       9 |   test.beforeEach(async ({ page }) => {
    > 10 |     await page.goto('/');
         |                ^
      11 |   });
      12 |
      13 |   test.describe('XSS Protection', () => {
        at C:\Users\yn098\youssef's project\Aurora\flutter\aurora_ecommerse\vite-react\e2e\security.spec.ts:10:16

    attachment #1: screenshot (image/png) ──────────────────────────────────────────────────────────
    ..\playwright-report\artifacts\security-Security-Tests-In-c7490-hould-validate-email-format-firefox\test-failed-1.png
    ────────────────────────────────────────────────────────────────────────────────────────────────

    Error Context: ..\playwright-report\artifacts\security-Security-Tests-In-c7490-hould-validate-email-format-firefox\error-context.md
]]>
</error>
</testcase>
<testcase name="Security Tests › Input Validation › should validate phone format" classname="security.spec.ts" time="3.916">
<system-err>
<![CDATA[
Warning: attachment artifacts\security-Security-Tests-In-cfede-hould-validate-phone-format-firefox\test-failed-1.png is missing
Warning: attachment artifacts\security-Security-Tests-In-cfede-hould-validate-phone-format-firefox\error-context.md is missing]]>
</system-err>
<error message="page.goto: NS_ERROR_CONNECTION_REFUSED" type="Error">
<![CDATA[  [firefox] › security.spec.ts:122:5 › Security Tests › Input Validation › should validate phone format 

    Error: page.goto: NS_ERROR_CONNECTION_REFUSED
    Call log:
      - navigating to "http://localhost:5173/", waiting until "load"


       8 | test.describe('Security Tests', () => {
       9 |   test.beforeEach(async ({ page }) => {
    > 10 |     await page.goto('/');
         |                ^
      11 |   });
      12 |
      13 |   test.describe('XSS Protection', () => {
        at C:\Users\yn098\youssef's project\Aurora\flutter\aurora_ecommerse\vite-react\e2e\security.spec.ts:10:16

    attachment #1: screenshot (image/png) ──────────────────────────────────────────────────────────
    ..\playwright-report\artifacts\security-Security-Tests-In-cfede-hould-validate-phone-format-firefox\test-failed-1.png
    ────────────────────────────────────────────────────────────────────────────────────────────────

    Error Context: ..\playwright-report\artifacts\security-Security-Tests-In-cfede-hould-validate-phone-format-firefox\error-context.md
]]>
</error>
</testcase>
<testcase name="Security Tests › Input Validation › should enforce password requirements" classname="security.spec.ts" time="3.763">
<system-err>
<![CDATA[
Warning: attachment artifacts\security-Security-Tests-In-57868-force-password-requirements-firefox\test-failed-1.png is missing
Warning: attachment artifacts\security-Security-Tests-In-57868-force-password-requirements-firefox\error-context.md is missing]]>
</system-err>
<error message="page.goto: NS_ERROR_CONNECTION_REFUSED" type="Error">
<![CDATA[  [firefox] › security.spec.ts:134:5 › Security Tests › Input Validation › should enforce password requirements 

    Error: page.goto: NS_ERROR_CONNECTION_REFUSED
    Call log:
      - navigating to "http://localhost:5173/", waiting until "load"


       8 | test.describe('Security Tests', () => {
       9 |   test.beforeEach(async ({ page }) => {
    > 10 |     await page.goto('/');
         |                ^
      11 |   });
      12 |
      13 |   test.describe('XSS Protection', () => {
        at C:\Users\yn098\youssef's project\Aurora\flutter\aurora_ecommerse\vite-react\e2e\security.spec.ts:10:16

    attachment #1: screenshot (image/png) ──────────────────────────────────────────────────────────
    ..\playwright-report\artifacts\security-Security-Tests-In-57868-force-password-requirements-firefox\test-failed-1.png
    ────────────────────────────────────────────────────────────────────────────────────────────────

    Error Context: ..\playwright-report\artifacts\security-Security-Tests-In-57868-force-password-requirements-firefox\error-context.md
]]>
</error>
</testcase>
<testcase name="Security Tests › Input Validation › should limit input length" classname="security.spec.ts" time="3.839">
<system-err>
<![CDATA[
Warning: attachment artifacts\security-Security-Tests-In-5a5e3-n-should-limit-input-length-firefox\test-failed-1.png is missing
Warning: attachment artifacts\security-Security-Tests-In-5a5e3-n-should-limit-input-length-firefox\error-context.md is missing]]>
</system-err>
<error message="page.goto: NS_ERROR_CONNECTION_REFUSED" type="Error">
<![CDATA[  [firefox] › security.spec.ts:144:5 › Security Tests › Input Validation › should limit input length 

    Error: page.goto: NS_ERROR_CONNECTION_REFUSED
    Call log:
      - navigating to "http://localhost:5173/", waiting until "load"


       8 | test.describe('Security Tests', () => {
       9 |   test.beforeEach(async ({ page }) => {
    > 10 |     await page.goto('/');
         |                ^
      11 |   });
      12 |
      13 |   test.describe('XSS Protection', () => {
        at C:\Users\yn098\youssef's project\Aurora\flutter\aurora_ecommerse\vite-react\e2e\security.spec.ts:10:16

    attachment #1: screenshot (image/png) ──────────────────────────────────────────────────────────
    ..\playwright-report\artifacts\security-Security-Tests-In-5a5e3-n-should-limit-input-length-firefox\test-failed-1.png
    ────────────────────────────────────────────────────────────────────────────────────────────────

    Error Context: ..\playwright-report\artifacts\security-Security-Tests-In-5a5e3-n-should-limit-input-length-firefox\error-context.md
]]>
</error>
</testcase>
<testcase name="Security Tests › Security Headers › should have security headers" classname="security.spec.ts" time="3.684">
<system-err>
<![CDATA[
Warning: attachment artifacts\security-Security-Tests-Se-731de-hould-have-security-headers-firefox\test-failed-1.png is missing
Warning: attachment artifacts\security-Security-Tests-Se-731de-hould-have-security-headers-firefox\error-context.md is missing]]>
</system-err>
<error message="page.goto: NS_ERROR_CONNECTION_REFUSED" type="Error">
<![CDATA[  [firefox] › security.spec.ts:159:5 › Security Tests › Security Headers › should have security headers 

    Error: page.goto: NS_ERROR_CONNECTION_REFUSED
    Call log:
      - navigating to "http://localhost:5173/", waiting until "load"


       8 | test.describe('Security Tests', () => {
       9 |   test.beforeEach(async ({ page }) => {
    > 10 |     await page.goto('/');
         |                ^
      11 |   });
      12 |
      13 |   test.describe('XSS Protection', () => {
        at C:\Users\yn098\youssef's project\Aurora\flutter\aurora_ecommerse\vite-react\e2e\security.spec.ts:10:16

    attachment #1: screenshot (image/png) ──────────────────────────────────────────────────────────
    ..\playwright-report\artifacts\security-Security-Tests-Se-731de-hould-have-security-headers-firefox\test-failed-1.png
    ────────────────────────────────────────────────────────────────────────────────────────────────

    Error Context: ..\playwright-report\artifacts\security-Security-Tests-Se-731de-hould-have-security-headers-firefox\error-context.md
]]>
</error>
</testcase>
<testcase name="Security Tests › Clickjacking Protection › should prevent framing" classname="security.spec.ts" time="3.934">
<system-err>
<![CDATA[
Warning: attachment artifacts\security-Security-Tests-Cl-a6682-tion-should-prevent-framing-firefox\test-failed-1.png is missing
Warning: attachment artifacts\security-Security-Tests-Cl-a6682-tion-should-prevent-framing-firefox\error-context.md is missing]]>
</system-err>
<error message="page.goto: NS_ERROR_CONNECTION_REFUSED" type="Error">
<![CDATA[  [firefox] › security.spec.ts:177:5 › Security Tests › Clickjacking Protection › should prevent framing 

    Error: page.goto: NS_ERROR_CONNECTION_REFUSED
    Call log:
      - navigating to "http://localhost:5173/", waiting until "load"


       8 | test.describe('Security Tests', () => {
       9 |   test.beforeEach(async ({ page }) => {
    > 10 |     await page.goto('/');
         |                ^
      11 |   });
      12 |
      13 |   test.describe('XSS Protection', () => {
        at C:\Users\yn098\youssef's project\Aurora\flutter\aurora_ecommerse\vite-react\e2e\security.spec.ts:10:16

    attachment #1: screenshot (image/png) ──────────────────────────────────────────────────────────
    ..\playwright-report\artifacts\security-Security-Tests-Cl-a6682-tion-should-prevent-framing-firefox\test-failed-1.png
    ────────────────────────────────────────────────────────────────────────────────────────────────

    Error Context: ..\playwright-report\artifacts\security-Security-Tests-Cl-a6682-tion-should-prevent-framing-firefox\error-context.md
]]>
</error>
</testcase>
<testcase name="Security Tests › Session Security › should use secure cookies" classname="security.spec.ts" time="3.901">
<system-err>
<![CDATA[
Warning: attachment artifacts\security-Security-Tests-Se-99354-y-should-use-secure-cookies-firefox\test-failed-1.png is missing
Warning: attachment artifacts\security-Security-Tests-Se-99354-y-should-use-secure-cookies-firefox\error-context.md is missing]]>
</system-err>
<error message="page.goto: NS_ERROR_CONNECTION_REFUSED" type="Error">
<![CDATA[  [firefox] › security.spec.ts:196:5 › Security Tests › Session Security › should use secure cookies 

    Error: page.goto: NS_ERROR_CONNECTION_REFUSED
    Call log:
      - navigating to "http://localhost:5173/", waiting until "load"


       8 | test.describe('Security Tests', () => {
       9 |   test.beforeEach(async ({ page }) => {
    > 10 |     await page.goto('/');
         |                ^
      11 |   });
      12 |
      13 |   test.describe('XSS Protection', () => {
        at C:\Users\yn098\youssef's project\Aurora\flutter\aurora_ecommerse\vite-react\e2e\security.spec.ts:10:16

    attachment #1: screenshot (image/png) ──────────────────────────────────────────────────────────
    ..\playwright-report\artifacts\security-Security-Tests-Se-99354-y-should-use-secure-cookies-firefox\test-failed-1.png
    ────────────────────────────────────────────────────────────────────────────────────────────────

    Error Context: ..\playwright-report\artifacts\security-Security-Tests-Se-99354-y-should-use-secure-cookies-firefox\error-context.md
]]>
</error>
</testcase>
<testcase name="Security Tests › Session Security › should logout and clear session" classname="security.spec.ts" time="3.76">
<system-err>
<![CDATA[
Warning: attachment artifacts\security-Security-Tests-Se-786f4-ld-logout-and-clear-session-firefox\test-failed-1.png is missing
Warning: attachment artifacts\security-Security-Tests-Se-786f4-ld-logout-and-clear-session-firefox\error-context.md is missing]]>
</system-err>
<error message="page.goto: NS_ERROR_CONNECTION_REFUSED" type="Error">
<![CDATA[  [firefox] › security.spec.ts:210:5 › Security Tests › Session Security › should logout and clear session 

    Error: page.goto: NS_ERROR_CONNECTION_REFUSED
    Call log:
      - navigating to "http://localhost:5173/", waiting until "load"


       8 | test.describe('Security Tests', () => {
       9 |   test.beforeEach(async ({ page }) => {
    > 10 |     await page.goto('/');
         |                ^
      11 |   });
      12 |
      13 |   test.describe('XSS Protection', () => {
        at C:\Users\yn098\youssef's project\Aurora\flutter\aurora_ecommerse\vite-react\e2e\security.spec.ts:10:16

    attachment #1: screenshot (image/png) ──────────────────────────────────────────────────────────
    ..\playwright-report\artifacts\security-Security-Tests-Se-786f4-ld-logout-and-clear-session-firefox\test-failed-1.png
    ────────────────────────────────────────────────────────────────────────────────────────────────

    Error Context: ..\playwright-report\artifacts\security-Security-Tests-Se-786f4-ld-logout-and-clear-session-firefox\error-context.md
]]>
</error>
</testcase>
<testcase name="Security Tests › Error Handling › should show generic error messages" classname="security.spec.ts" time="3.943">
<system-err>
<![CDATA[
Warning: attachment artifacts\security-Security-Tests-Er-bada1-show-generic-error-messages-firefox\test-failed-1.png is missing
Warning: attachment artifacts\security-Security-Tests-Er-bada1-show-generic-error-messages-firefox\error-context.md is missing]]>
</system-err>
<error message="page.goto: NS_ERROR_CONNECTION_REFUSED" type="Error">
<![CDATA[  [firefox] › security.spec.ts:234:5 › Security Tests › Error Handling › should show generic error messages 

    Error: page.goto: NS_ERROR_CONNECTION_REFUSED
    Call log:
      - navigating to "http://localhost:5173/", waiting until "load"


       8 | test.describe('Security Tests', () => {
       9 |   test.beforeEach(async ({ page }) => {
    > 10 |     await page.goto('/');
         |                ^
      11 |   });
      12 |
      13 |   test.describe('XSS Protection', () => {
        at C:\Users\yn098\youssef's project\Aurora\flutter\aurora_ecommerse\vite-react\e2e\security.spec.ts:10:16

    attachment #1: screenshot (image/png) ──────────────────────────────────────────────────────────
    ..\playwright-report\artifacts\security-Security-Tests-Er-bada1-show-generic-error-messages-firefox\test-failed-1.png
    ────────────────────────────────────────────────────────────────────────────────────────────────

    Error Context: ..\playwright-report\artifacts\security-Security-Tests-Er-bada1-show-generic-error-messages-firefox\error-context.md
]]>
</error>
</testcase>
<testcase name="Security Tests › Error Handling › should handle 404 errors" classname="security.spec.ts" time="3.848">
<system-err>
<![CDATA[
Warning: attachment artifacts\security-Security-Tests-Er-c072c-ng-should-handle-404-errors-firefox\test-failed-1.png is missing
Warning: attachment artifacts\security-Security-Tests-Er-c072c-ng-should-handle-404-errors-firefox\error-context.md is missing]]>
</system-err>
<error message="page.goto: NS_ERROR_CONNECTION_REFUSED" type="Error">
<![CDATA[  [firefox] › security.spec.ts:250:5 › Security Tests › Error Handling › should handle 404 errors ──

    Error: page.goto: NS_ERROR_CONNECTION_REFUSED
    Call log:
      - navigating to "http://localhost:5173/", waiting until "load"


       8 | test.describe('Security Tests', () => {
       9 |   test.beforeEach(async ({ page }) => {
    > 10 |     await page.goto('/');
         |                ^
      11 |   });
      12 |
      13 |   test.describe('XSS Protection', () => {
        at C:\Users\yn098\youssef's project\Aurora\flutter\aurora_ecommerse\vite-react\e2e\security.spec.ts:10:16

    attachment #1: screenshot (image/png) ──────────────────────────────────────────────────────────
    ..\playwright-report\artifacts\security-Security-Tests-Er-c072c-ng-should-handle-404-errors-firefox\test-failed-1.png
    ────────────────────────────────────────────────────────────────────────────────────────────────

    Error Context: ..\playwright-report\artifacts\security-Security-Tests-Er-c072c-ng-should-handle-404-errors-firefox\error-context.md
]]>
</error>
</testcase>
</testsuite>
<testsuite name="security.spec.ts" timestamp="2026-04-05T23:14:44.324Z" hostname="webkit" tests="15" failures="0" skipped="0" time="41.3" errors="15">
<testcase name="Security Tests › XSS Protection › should sanitize XSS in search input" classname="security.spec.ts" time="3.577">
<system-err>
<![CDATA[
Warning: attachment artifacts\security-Security-Tests-XS-2fe5c-anitize-XSS-in-search-input-webkit\test-failed-1.png is missing
Warning: attachment artifacts\security-Security-Tests-XS-2fe5c-anitize-XSS-in-search-input-webkit\error-context.md is missing]]>
</system-err>
<error message="page.goto: Could not connect to server" type="Error">
<![CDATA[  [webkit] › security.spec.ts:14:5 › Security Tests › XSS Protection › should sanitize XSS in search input 

    Error: page.goto: Could not connect to server
    Call log:
      - navigating to "http://localhost:5173/", waiting until "load"


       8 | test.describe('Security Tests', () => {
       9 |   test.beforeEach(async ({ page }) => {
    > 10 |     await page.goto('/');
         |                ^
      11 |   });
      12 |
      13 |   test.describe('XSS Protection', () => {
        at C:\Users\yn098\youssef's project\Aurora\flutter\aurora_ecommerse\vite-react\e2e\security.spec.ts:10:16

    attachment #1: screenshot (image/png) ──────────────────────────────────────────────────────────
    ..\playwright-report\artifacts\security-Security-Tests-XS-2fe5c-anitize-XSS-in-search-input-webkit\test-failed-1.png
    ────────────────────────────────────────────────────────────────────────────────────────────────

    Error Context: ..\playwright-report\artifacts\security-Security-Tests-XS-2fe5c-anitize-XSS-in-search-input-webkit\error-context.md
]]>
</error>
</testcase>
<testcase name="Security Tests › XSS Protection › should sanitize XSS in comment form" classname="security.spec.ts" time="3.576">
<system-err>
<![CDATA[
Warning: attachment artifacts\security-Security-Tests-XS-0601d-anitize-XSS-in-comment-form-webkit\test-failed-1.png is missing
Warning: attachment artifacts\security-Security-Tests-XS-0601d-anitize-XSS-in-comment-form-webkit\error-context.md is missing]]>
</system-err>
<error message="page.goto: Could not connect to server" type="Error">
<![CDATA[  [webkit] › security.spec.ts:35:5 › Security Tests › XSS Protection › should sanitize XSS in comment form 

    Error: page.goto: Could not connect to server
    Call log:
      - navigating to "http://localhost:5173/", waiting until "load"


       8 | test.describe('Security Tests', () => {
       9 |   test.beforeEach(async ({ page }) => {
    > 10 |     await page.goto('/');
         |                ^
      11 |   });
      12 |
      13 |   test.describe('XSS Protection', () => {
        at C:\Users\yn098\youssef's project\Aurora\flutter\aurora_ecommerse\vite-react\e2e\security.spec.ts:10:16

    attachment #1: screenshot (image/png) ──────────────────────────────────────────────────────────
    ..\playwright-report\artifacts\security-Security-Tests-XS-0601d-anitize-XSS-in-comment-form-webkit\test-failed-1.png
    ────────────────────────────────────────────────────────────────────────────────────────────────

    Error Context: ..\playwright-report\artifacts\security-Security-Tests-XS-0601d-anitize-XSS-in-comment-form-webkit\error-context.md
]]>
</error>
</testcase>
<testcase name="Security Tests › XSS Protection › should escape HTML in user-generated content" classname="security.spec.ts" time="2.665">
<system-err>
<![CDATA[
Warning: attachment artifacts\security-Security-Tests-XS-cada5-L-in-user-generated-content-webkit\test-failed-1.png is missing
Warning: attachment artifacts\security-Security-Tests-XS-cada5-L-in-user-generated-content-webkit\error-context.md is missing]]>
</system-err>
<error message="page.goto: Could not connect to server" type="Error">
<![CDATA[  [webkit] › security.spec.ts:61:5 › Security Tests › XSS Protection › should escape HTML in user-generated content 

    Error: page.goto: Could not connect to server
    Call log:
      - navigating to "http://localhost:5173/", waiting until "load"


       8 | test.describe('Security Tests', () => {
       9 |   test.beforeEach(async ({ page }) => {
    > 10 |     await page.goto('/');
         |                ^
      11 |   });
      12 |
      13 |   test.describe('XSS Protection', () => {
        at C:\Users\yn098\youssef's project\Aurora\flutter\aurora_ecommerse\vite-react\e2e\security.spec.ts:10:16

    attachment #1: screenshot (image/png) ──────────────────────────────────────────────────────────
    ..\playwright-report\artifacts\security-Security-Tests-XS-cada5-L-in-user-generated-content-webkit\test-failed-1.png
    ────────────────────────────────────────────────────────────────────────────────────────────────

    Error Context: ..\playwright-report\artifacts\security-Security-Tests-XS-cada5-L-in-user-generated-content-webkit\error-context.md
]]>
</error>
</testcase>
<testcase name="Security Tests › CSRF Protection › should include CSRF token in forms" classname="security.spec.ts" time="2.616">
<system-err>
<![CDATA[
Warning: attachment artifacts\security-Security-Tests-CS-7919a-include-CSRF-token-in-forms-webkit\test-failed-1.png is missing
Warning: attachment artifacts\security-Security-Tests-CS-7919a-include-CSRF-token-in-forms-webkit\error-context.md is missing]]>
</system-err>
<error message="page.goto: Could not connect to server" type="Error">
<![CDATA[  [webkit] › security.spec.ts:76:5 › Security Tests › CSRF Protection › should include CSRF token in forms 

    Error: page.goto: Could not connect to server
    Call log:
      - navigating to "http://localhost:5173/", waiting until "load"


       8 | test.describe('Security Tests', () => {
       9 |   test.beforeEach(async ({ page }) => {
    > 10 |     await page.goto('/');
         |                ^
      11 |   });
      12 |
      13 |   test.describe('XSS Protection', () => {
        at C:\Users\yn098\youssef's project\Aurora\flutter\aurora_ecommerse\vite-react\e2e\security.spec.ts:10:16

    attachment #1: screenshot (image/png) ──────────────────────────────────────────────────────────
    ..\playwright-report\artifacts\security-Security-Tests-CS-7919a-include-CSRF-token-in-forms-webkit\test-failed-1.png
    ────────────────────────────────────────────────────────────────────────────────────────────────

    Error Context: ..\playwright-report\artifacts\security-Security-Tests-CS-7919a-include-CSRF-token-in-forms-webkit\error-context.md
]]>
</error>
</testcase>
<testcase name="Security Tests › CSRF Protection › should include CSRF token in API requests" classname="security.spec.ts" time="2.626">
<system-err>
<![CDATA[
Warning: attachment artifacts\security-Security-Tests-CS-c2274--CSRF-token-in-API-requests-webkit\test-failed-1.png is missing
Warning: attachment artifacts\security-Security-Tests-CS-c2274--CSRF-token-in-API-requests-webkit\error-context.md is missing]]>
</system-err>
<error message="page.goto: Could not connect to server" type="Error">
<![CDATA[  [webkit] › security.spec.ts:84:5 › Security Tests › CSRF Protection › should include CSRF token in API requests 

    Error: page.goto: Could not connect to server
    Call log:
      - navigating to "http://localhost:5173/", waiting until "load"


       8 | test.describe('Security Tests', () => {
       9 |   test.beforeEach(async ({ page }) => {
    > 10 |     await page.goto('/');
         |                ^
      11 |   });
      12 |
      13 |   test.describe('XSS Protection', () => {
        at C:\Users\yn098\youssef's project\Aurora\flutter\aurora_ecommerse\vite-react\e2e\security.spec.ts:10:16

    attachment #1: screenshot (image/png) ──────────────────────────────────────────────────────────
    ..\playwright-report\artifacts\security-Security-Tests-CS-c2274--CSRF-token-in-API-requests-webkit\test-failed-1.png
    ────────────────────────────────────────────────────────────────────────────────────────────────

    Error Context: ..\playwright-report\artifacts\security-Security-Tests-CS-c2274--CSRF-token-in-API-requests-webkit\error-context.md
]]>
</error>
</testcase>
<testcase name="Security Tests › Input Validation › should validate email format" classname="security.spec.ts" time="2.639">
<system-err>
<![CDATA[
Warning: attachment artifacts\security-Security-Tests-In-c7490-hould-validate-email-format-webkit\test-failed-1.png is missing
Warning: attachment artifacts\security-Security-Tests-In-c7490-hould-validate-email-format-webkit\error-context.md is missing]]>
</system-err>
<error message="page.goto: Could not connect to server" type="Error">
<![CDATA[  [webkit] › security.spec.ts:112:5 › Security Tests › Input Validation › should validate email format 

    Error: page.goto: Could not connect to server
    Call log:
      - navigating to "http://localhost:5173/", waiting until "load"


       8 | test.describe('Security Tests', () => {
       9 |   test.beforeEach(async ({ page }) => {
    > 10 |     await page.goto('/');
         |                ^
      11 |   });
      12 |
      13 |   test.describe('XSS Protection', () => {
        at C:\Users\yn098\youssef's project\Aurora\flutter\aurora_ecommerse\vite-react\e2e\security.spec.ts:10:16

    attachment #1: screenshot (image/png) ──────────────────────────────────────────────────────────
    ..\playwright-report\artifacts\security-Security-Tests-In-c7490-hould-validate-email-format-webkit\test-failed-1.png
    ────────────────────────────────────────────────────────────────────────────────────────────────

    Error Context: ..\playwright-report\artifacts\security-Security-Tests-In-c7490-hould-validate-email-format-webkit\error-context.md
]]>
</error>
</testcase>
<testcase name="Security Tests › Input Validation › should validate phone format" classname="security.spec.ts" time="2.595">
<system-err>
<![CDATA[
Warning: attachment artifacts\security-Security-Tests-In-cfede-hould-validate-phone-format-webkit\test-failed-1.png is missing
Warning: attachment artifacts\security-Security-Tests-In-cfede-hould-validate-phone-format-webkit\error-context.md is missing]]>
</system-err>
<error message="page.goto: Could not connect to server" type="Error">
<![CDATA[  [webkit] › security.spec.ts:122:5 › Security Tests › Input Validation › should validate phone format 

    Error: page.goto: Could not connect to server
    Call log:
      - navigating to "http://localhost:5173/", waiting until "load"


       8 | test.describe('Security Tests', () => {
       9 |   test.beforeEach(async ({ page }) => {
    > 10 |     await page.goto('/');
         |                ^
      11 |   });
      12 |
      13 |   test.describe('XSS Protection', () => {
        at C:\Users\yn098\youssef's project\Aurora\flutter\aurora_ecommerse\vite-react\e2e\security.spec.ts:10:16

    attachment #1: screenshot (image/png) ──────────────────────────────────────────────────────────
    ..\playwright-report\artifacts\security-Security-Tests-In-cfede-hould-validate-phone-format-webkit\test-failed-1.png
    ────────────────────────────────────────────────────────────────────────────────────────────────

    Error Context: ..\playwright-report\artifacts\security-Security-Tests-In-cfede-hould-validate-phone-format-webkit\error-context.md
]]>
</error>
</testcase>
<testcase name="Security Tests › Input Validation › should enforce password requirements" classname="security.spec.ts" time="2.694">
<system-err>
<![CDATA[
Warning: attachment artifacts\security-Security-Tests-In-57868-force-password-requirements-webkit\test-failed-1.png is missing
Warning: attachment artifacts\security-Security-Tests-In-57868-force-password-requirements-webkit\error-context.md is missing]]>
</system-err>
<error message="page.goto: Could not connect to server" type="Error">
<![CDATA[  [webkit] › security.spec.ts:134:5 › Security Tests › Input Validation › should enforce password requirements 

    Error: page.goto: Could not connect to server
    Call log:
      - navigating to "http://localhost:5173/", waiting until "load"


       8 | test.describe('Security Tests', () => {
       9 |   test.beforeEach(async ({ page }) => {
    > 10 |     await page.goto('/');
         |                ^
      11 |   });
      12 |
      13 |   test.describe('XSS Protection', () => {
        at C:\Users\yn098\youssef's project\Aurora\flutter\aurora_ecommerse\vite-react\e2e\security.spec.ts:10:16

    attachment #1: screenshot (image/png) ──────────────────────────────────────────────────────────
    ..\playwright-report\artifacts\security-Security-Tests-In-57868-force-password-requirements-webkit\test-failed-1.png
    ────────────────────────────────────────────────────────────────────────────────────────────────

    Error Context: ..\playwright-report\artifacts\security-Security-Tests-In-57868-force-password-requirements-webkit\error-context.md
]]>
</error>
</testcase>
<testcase name="Security Tests › Input Validation › should limit input length" classname="security.spec.ts" time="2.692">
<system-err>
<![CDATA[
Warning: attachment artifacts\security-Security-Tests-In-5a5e3-n-should-limit-input-length-webkit\test-failed-1.png is missing
Warning: attachment artifacts\security-Security-Tests-In-5a5e3-n-should-limit-input-length-webkit\error-context.md is missing]]>
</system-err>
<error message="page.goto: Could not connect to server" type="Error">
<![CDATA[  [webkit] › security.spec.ts:144:5 › Security Tests › Input Validation › should limit input length 

    Error: page.goto: Could not connect to server
    Call log:
      - navigating to "http://localhost:5173/", waiting until "load"


       8 | test.describe('Security Tests', () => {
       9 |   test.beforeEach(async ({ page }) => {
    > 10 |     await page.goto('/');
         |                ^
      11 |   });
      12 |
      13 |   test.describe('XSS Protection', () => {
        at C:\Users\yn098\youssef's project\Aurora\flutter\aurora_ecommerse\vite-react\e2e\security.spec.ts:10:16

    attachment #1: screenshot (image/png) ──────────────────────────────────────────────────────────
    ..\playwright-report\artifacts\security-Security-Tests-In-5a5e3-n-should-limit-input-length-webkit\test-failed-1.png
    ────────────────────────────────────────────────────────────────────────────────────────────────

    Error Context: ..\playwright-report\artifacts\security-Security-Tests-In-5a5e3-n-should-limit-input-length-webkit\error-context.md
]]>
</error>
</testcase>
<testcase name="Security Tests › Security Headers › should have security headers" classname="security.spec.ts" time="2.664">
<system-err>
<![CDATA[
Warning: attachment artifacts\security-Security-Tests-Se-731de-hould-have-security-headers-webkit\test-failed-1.png is missing
Warning: attachment artifacts\security-Security-Tests-Se-731de-hould-have-security-headers-webkit\error-context.md is missing]]>
</system-err>
<error message="page.goto: Could not connect to server" type="Error">
<![CDATA[  [webkit] › security.spec.ts:159:5 › Security Tests › Security Headers › should have security headers 

    Error: page.goto: Could not connect to server
    Call log:
      - navigating to "http://localhost:5173/", waiting until "load"


       8 | test.describe('Security Tests', () => {
       9 |   test.beforeEach(async ({ page }) => {
    > 10 |     await page.goto('/');
         |                ^
      11 |   });
      12 |
      13 |   test.describe('XSS Protection', () => {
        at C:\Users\yn098\youssef's project\Aurora\flutter\aurora_ecommerse\vite-react\e2e\security.spec.ts:10:16

    attachment #1: screenshot (image/png) ──────────────────────────────────────────────────────────
    ..\playwright-report\artifacts\security-Security-Tests-Se-731de-hould-have-security-headers-webkit\test-failed-1.png
    ────────────────────────────────────────────────────────────────────────────────────────────────

    Error Context: ..\playwright-report\artifacts\security-Security-Tests-Se-731de-hould-have-security-headers-webkit\error-context.md
]]>
</error>
</testcase>
<testcase name="Security Tests › Clickjacking Protection › should prevent framing" classname="security.spec.ts" time="2.613">
<system-err>
<![CDATA[
Warning: attachment artifacts\security-Security-Tests-Cl-a6682-tion-should-prevent-framing-webkit\test-failed-1.png is missing
Warning: attachment artifacts\security-Security-Tests-Cl-a6682-tion-should-prevent-framing-webkit\error-context.md is missing]]>
</system-err>
<error message="page.goto: Could not connect to server" type="Error">
<![CDATA[  [webkit] › security.spec.ts:177:5 › Security Tests › Clickjacking Protection › should prevent framing 

    Error: page.goto: Could not connect to server
    Call log:
      - navigating to "http://localhost:5173/", waiting until "load"


       8 | test.describe('Security Tests', () => {
       9 |   test.beforeEach(async ({ page }) => {
    > 10 |     await page.goto('/');
         |                ^
      11 |   });
      12 |
      13 |   test.describe('XSS Protection', () => {
        at C:\Users\yn098\youssef's project\Aurora\flutter\aurora_ecommerse\vite-react\e2e\security.spec.ts:10:16

    attachment #1: screenshot (image/png) ──────────────────────────────────────────────────────────
    ..\playwright-report\artifacts\security-Security-Tests-Cl-a6682-tion-should-prevent-framing-webkit\test-failed-1.png
    ────────────────────────────────────────────────────────────────────────────────────────────────

    Error Context: ..\playwright-report\artifacts\security-Security-Tests-Cl-a6682-tion-should-prevent-framing-webkit\error-context.md
]]>
</error>
</testcase>
<testcase name="Security Tests › Session Security › should use secure cookies" classname="security.spec.ts" time="2.637">
<system-err>
<![CDATA[
Warning: attachment artifacts\security-Security-Tests-Se-99354-y-should-use-secure-cookies-webkit\test-failed-1.png is missing
Warning: attachment artifacts\security-Security-Tests-Se-99354-y-should-use-secure-cookies-webkit\error-context.md is missing]]>
</system-err>
<error message="page.goto: Could not connect to server" type="Error">
<![CDATA[  [webkit] › security.spec.ts:196:5 › Security Tests › Session Security › should use secure cookies 

    Error: page.goto: Could not connect to server
    Call log:
      - navigating to "http://localhost:5173/", waiting until "load"


       8 | test.describe('Security Tests', () => {
       9 |   test.beforeEach(async ({ page }) => {
    > 10 |     await page.goto('/');
         |                ^
      11 |   });
      12 |
      13 |   test.describe('XSS Protection', () => {
        at C:\Users\yn098\youssef's project\Aurora\flutter\aurora_ecommerse\vite-react\e2e\security.spec.ts:10:16

    attachment #1: screenshot (image/png) ──────────────────────────────────────────────────────────
    ..\playwright-report\artifacts\security-Security-Tests-Se-99354-y-should-use-secure-cookies-webkit\test-failed-1.png
    ────────────────────────────────────────────────────────────────────────────────────────────────

    Error Context: ..\playwright-report\artifacts\security-Security-Tests-Se-99354-y-should-use-secure-cookies-webkit\error-context.md
]]>
</error>
</testcase>
<testcase name="Security Tests › Session Security › should logout and clear session" classname="security.spec.ts" time="2.566">
<system-err>
<![CDATA[
Warning: attachment artifacts\security-Security-Tests-Se-786f4-ld-logout-and-clear-session-webkit\test-failed-1.png is missing
Warning: attachment artifacts\security-Security-Tests-Se-786f4-ld-logout-and-clear-session-webkit\error-context.md is missing]]>
</system-err>
<error message="page.goto: Could not connect to server" type="Error">
<![CDATA[  [webkit] › security.spec.ts:210:5 › Security Tests › Session Security › should logout and clear session 

    Error: page.goto: Could not connect to server
    Call log:
      - navigating to "http://localhost:5173/", waiting until "load"


       8 | test.describe('Security Tests', () => {
       9 |   test.beforeEach(async ({ page }) => {
    > 10 |     await page.goto('/');
         |                ^
      11 |   });
      12 |
      13 |   test.describe('XSS Protection', () => {
        at C:\Users\yn098\youssef's project\Aurora\flutter\aurora_ecommerse\vite-react\e2e\security.spec.ts:10:16

    attachment #1: screenshot (image/png) ──────────────────────────────────────────────────────────
    ..\playwright-report\artifacts\security-Security-Tests-Se-786f4-ld-logout-and-clear-session-webkit\test-failed-1.png
    ────────────────────────────────────────────────────────────────────────────────────────────────

    Error Context: ..\playwright-report\artifacts\security-Security-Tests-Se-786f4-ld-logout-and-clear-session-webkit\error-context.md
]]>
</error>
</testcase>
<testcase name="Security Tests › Error Handling › should show generic error messages" classname="security.spec.ts" time="2.565">
<system-err>
<![CDATA[
Warning: attachment artifacts\security-Security-Tests-Er-bada1-show-generic-error-messages-webkit\test-failed-1.png is missing
Warning: attachment artifacts\security-Security-Tests-Er-bada1-show-generic-error-messages-webkit\error-context.md is missing]]>
</system-err>
<error message="page.goto: Could not connect to server" type="Error">
<![CDATA[  [webkit] › security.spec.ts:234:5 › Security Tests › Error Handling › should show generic error messages 

    Error: page.goto: Could not connect to server
    Call log:
      - navigating to "http://localhost:5173/", waiting until "load"


       8 | test.describe('Security Tests', () => {
       9 |   test.beforeEach(async ({ page }) => {
    > 10 |     await page.goto('/');
         |                ^
      11 |   });
      12 |
      13 |   test.describe('XSS Protection', () => {
        at C:\Users\yn098\youssef's project\Aurora\flutter\aurora_ecommerse\vite-react\e2e\security.spec.ts:10:16

    attachment #1: screenshot (image/png) ──────────────────────────────────────────────────────────
    ..\playwright-report\artifacts\security-Security-Tests-Er-bada1-show-generic-error-messages-webkit\test-failed-1.png
    ────────────────────────────────────────────────────────────────────────────────────────────────

    Error Context: ..\playwright-report\artifacts\security-Security-Tests-Er-bada1-show-generic-error-messages-webkit\error-context.md
]]>
</error>
</testcase>
<testcase name="Security Tests › Error Handling › should handle 404 errors" classname="security.spec.ts" time="2.575">
<system-err>
<![CDATA[
Warning: attachment artifacts\security-Security-Tests-Er-c072c-ng-should-handle-404-errors-webkit\test-failed-1.png is missing
Warning: attachment artifacts\security-Security-Tests-Er-c072c-ng-should-handle-404-errors-webkit\error-context.md is missing]]>
</system-err>
<error message="page.goto: Could not connect to server" type="Error">
<![CDATA[  [webkit] › security.spec.ts:250:5 › Security Tests › Error Handling › should handle 404 errors ───

    Error: page.goto: Could not connect to server
    Call log:
      - navigating to "http://localhost:5173/", waiting until "load"


       8 | test.describe('Security Tests', () => {
       9 |   test.beforeEach(async ({ page }) => {
    > 10 |     await page.goto('/');
         |                ^
      11 |   });
      12 |
      13 |   test.describe('XSS Protection', () => {
        at C:\Users\yn098\youssef's project\Aurora\flutter\aurora_ecommerse\vite-react\e2e\security.spec.ts:10:16

    attachment #1: screenshot (image/png) ──────────────────────────────────────────────────────────
    ..\playwright-report\artifacts\security-Security-Tests-Er-c072c-ng-should-handle-404-errors-webkit\test-failed-1.png
    ────────────────────────────────────────────────────────────────────────────────────────────────

    Error Context: ..\playwright-report\artifacts\security-Security-Tests-Er-c072c-ng-should-handle-404-errors-webkit\error-context.md
]]>
</error>
</testcase>
</testsuite>
<testsuite name="security.spec.ts" timestamp="2026-04-05T23:14:44.324Z" hostname="Mobile Chrome" tests="15" failures="0" skipped="0" time="38.014" errors="15">
<testcase name="Security Tests › XSS Protection › should sanitize XSS in search input" classname="security.spec.ts" time="2.58">
<system-err>
<![CDATA[
Warning: attachment artifacts\security-Security-Tests-XS-2fe5c-anitize-XSS-in-search-input-Mobile-Chrome\test-failed-1.png is missing
Warning: attachment artifacts\security-Security-Tests-XS-2fe5c-anitize-XSS-in-search-input-Mobile-Chrome\error-context.md is missing]]>
</system-err>
<error message="page.goto: net::ERR_CONNECTION_REFUSED at http://localhost:5173/" type="Error">
<![CDATA[  [Mobile Chrome] › security.spec.ts:14:5 › Security Tests › XSS Protection › should sanitize XSS in search input 

    Error: page.goto: net::ERR_CONNECTION_REFUSED at http://localhost:5173/
    Call log:
      - navigating to "http://localhost:5173/", waiting until "load"


       8 | test.describe('Security Tests', () => {
       9 |   test.beforeEach(async ({ page }) => {
    > 10 |     await page.goto('/');
         |                ^
      11 |   });
      12 |
      13 |   test.describe('XSS Protection', () => {
        at C:\Users\yn098\youssef's project\Aurora\flutter\aurora_ecommerse\vite-react\e2e\security.spec.ts:10:16

    attachment #1: screenshot (image/png) ──────────────────────────────────────────────────────────
    ..\playwright-report\artifacts\security-Security-Tests-XS-2fe5c-anitize-XSS-in-search-input-Mobile-Chrome\test-failed-1.png
    ────────────────────────────────────────────────────────────────────────────────────────────────

    Error Context: ..\playwright-report\artifacts\security-Security-Tests-XS-2fe5c-anitize-XSS-in-search-input-Mobile-Chrome\error-context.md
]]>
</error>
</testcase>
<testcase name="Security Tests › XSS Protection › should sanitize XSS in comment form" classname="security.spec.ts" time="2.584">
<system-err>
<![CDATA[
Warning: attachment artifacts\security-Security-Tests-XS-0601d-anitize-XSS-in-comment-form-Mobile-Chrome\test-failed-1.png is missing
Warning: attachment artifacts\security-Security-Tests-XS-0601d-anitize-XSS-in-comment-form-Mobile-Chrome\error-context.md is missing]]>
</system-err>
<error message="page.goto: net::ERR_CONNECTION_REFUSED at http://localhost:5173/" type="Error">
<![CDATA[  [Mobile Chrome] › security.spec.ts:35:5 › Security Tests › XSS Protection › should sanitize XSS in comment form 

    Error: page.goto: net::ERR_CONNECTION_REFUSED at http://localhost:5173/
    Call log:
      - navigating to "http://localhost:5173/", waiting until "load"


       8 | test.describe('Security Tests', () => {
       9 |   test.beforeEach(async ({ page }) => {
    > 10 |     await page.goto('/');
         |                ^
      11 |   });
      12 |
      13 |   test.describe('XSS Protection', () => {
        at C:\Users\yn098\youssef's project\Aurora\flutter\aurora_ecommerse\vite-react\e2e\security.spec.ts:10:16

    attachment #1: screenshot (image/png) ──────────────────────────────────────────────────────────
    ..\playwright-report\artifacts\security-Security-Tests-XS-0601d-anitize-XSS-in-comment-form-Mobile-Chrome\test-failed-1.png
    ────────────────────────────────────────────────────────────────────────────────────────────────

    Error Context: ..\playwright-report\artifacts\security-Security-Tests-XS-0601d-anitize-XSS-in-comment-form-Mobile-Chrome\error-context.md
]]>
</error>
</testcase>
<testcase name="Security Tests › XSS Protection › should escape HTML in user-generated content" classname="security.spec.ts" time="2.521">
<system-err>
<![CDATA[
Warning: attachment artifacts\security-Security-Tests-XS-cada5-L-in-user-generated-content-Mobile-Chrome\test-failed-1.png is missing
Warning: attachment artifacts\security-Security-Tests-XS-cada5-L-in-user-generated-content-Mobile-Chrome\error-context.md is missing]]>
</system-err>
<error message="page.goto: net::ERR_CONNECTION_REFUSED at http://localhost:5173/" type="Error">
<![CDATA[  [Mobile Chrome] › security.spec.ts:61:5 › Security Tests › XSS Protection › should escape HTML in user-generated content 

    Error: page.goto: net::ERR_CONNECTION_REFUSED at http://localhost:5173/
    Call log:
      - navigating to "http://localhost:5173/", waiting until "load"


       8 | test.describe('Security Tests', () => {
       9 |   test.beforeEach(async ({ page }) => {
    > 10 |     await page.goto('/');
         |                ^
      11 |   });
      12 |
      13 |   test.describe('XSS Protection', () => {
        at C:\Users\yn098\youssef's project\Aurora\flutter\aurora_ecommerse\vite-react\e2e\security.spec.ts:10:16

    attachment #1: screenshot (image/png) ──────────────────────────────────────────────────────────
    ..\playwright-report\artifacts\security-Security-Tests-XS-cada5-L-in-user-generated-content-Mobile-Chrome\test-failed-1.png
    ────────────────────────────────────────────────────────────────────────────────────────────────

    Error Context: ..\playwright-report\artifacts\security-Security-Tests-XS-cada5-L-in-user-generated-content-Mobile-Chrome\error-context.md
]]>
</error>
</testcase>
<testcase name="Security Tests › CSRF Protection › should include CSRF token in forms" classname="security.spec.ts" time="2.513">
<system-err>
<![CDATA[
Warning: attachment artifacts\security-Security-Tests-CS-7919a-include-CSRF-token-in-forms-Mobile-Chrome\test-failed-1.png is missing
Warning: attachment artifacts\security-Security-Tests-CS-7919a-include-CSRF-token-in-forms-Mobile-Chrome\error-context.md is missing]]>
</system-err>
<error message="page.goto: net::ERR_CONNECTION_REFUSED at http://localhost:5173/" type="Error">
<![CDATA[  [Mobile Chrome] › security.spec.ts:76:5 › Security Tests › CSRF Protection › should include CSRF token in forms 

    Error: page.goto: net::ERR_CONNECTION_REFUSED at http://localhost:5173/
    Call log:
      - navigating to "http://localhost:5173/", waiting until "load"


       8 | test.describe('Security Tests', () => {
       9 |   test.beforeEach(async ({ page }) => {
    > 10 |     await page.goto('/');
         |                ^
      11 |   });
      12 |
      13 |   test.describe('XSS Protection', () => {
        at C:\Users\yn098\youssef's project\Aurora\flutter\aurora_ecommerse\vite-react\e2e\security.spec.ts:10:16

    attachment #1: screenshot (image/png) ──────────────────────────────────────────────────────────
    ..\playwright-report\artifacts\security-Security-Tests-CS-7919a-include-CSRF-token-in-forms-Mobile-Chrome\test-failed-1.png
    ────────────────────────────────────────────────────────────────────────────────────────────────

[...]

    attachment #1: screenshot (image/png) ──────────────────────────────────────────────────────────
    ..\playwright-report\artifacts\security-Security-Tests-XS-cada5-L-in-user-generated-content-Mobile-Safari\test-failed-1.png
    ────────────────────────────────────────────────────────────────────────────────────────────────

    Error Context: ..\playwright-report\artifacts\security-Security-Tests-XS-cada5-L-in-user-generated-content-Mobile-Safari\error-context.md
]]>
</error>
</testcase>
<testcase name="Security Tests › CSRF Protection › should include CSRF token in forms" classname="security.spec.ts" time="2.58">
<system-err>
<![CDATA[
Warning: attachment artifacts\security-Security-Tests-CS-7919a-include-CSRF-token-in-forms-Mobile-Safari\test-failed-1.png is missing
Warning: attachment artifacts\security-Security-Tests-CS-7919a-include-CSRF-token-in-forms-Mobile-Safari\error-context.md is missing]]>
</system-err>
<error message="page.goto: Could not connect to server" type="Error">
<![CDATA[  [Mobile Safari] › security.spec.ts:76:5 › Security Tests › CSRF Protection › should include CSRF token in forms 

    Error: page.goto: Could not connect to server
    Call log:
      - navigating to "http://localhost:5173/", waiting until "load"


       8 | test.describe('Security Tests', () => {
       9 |   test.beforeEach(async ({ page }) => {
    > 10 |     await page.goto('/');
         |                ^
      11 |   });
      12 |
      13 |   test.describe('XSS Protection', () => {
        at C:\Users\yn098\youssef's project\Aurora\flutter\aurora_ecommerse\vite-react\e2e\security.spec.ts:10:16

    attachment #1: screenshot (image/png) ──────────────────────────────────────────────────────────
    ..\playwright-report\artifacts\security-Security-Tests-CS-7919a-include-CSRF-token-in-forms-Mobile-Safari\test-failed-1.png
    ────────────────────────────────────────────────────────────────────────────────────────────────

    Error Context: ..\playwright-report\artifacts\security-Security-Tests-CS-7919a-include-CSRF-token-in-forms-Mobile-Safari\error-context.md
]]>
</error>
</testcase>
<testcase name="Security Tests › CSRF Protection › should include CSRF token in API requests" classname="security.spec.ts" time="2.551">
<system-err>
<![CDATA[
Warning: attachment artifacts\security-Security-Tests-CS-c2274--CSRF-token-in-API-requests-Mobile-Safari\test-failed-1.png is missing
Warning: attachment artifacts\security-Security-Tests-CS-c2274--CSRF-token-in-API-requests-Mobile-Safari\error-context.md is missing]]>
</system-err>
<error message="page.goto: Could not connect to server" type="Error">
<![CDATA[  [Mobile Safari] › security.spec.ts:84:5 › Security Tests › CSRF Protection › should include CSRF token in API requests 

    Error: page.goto: Could not connect to server
    Call log:
      - navigating to "http://localhost:5173/", waiting until "load"


       8 | test.describe('Security Tests', () => {
       9 |   test.beforeEach(async ({ page }) => {
    > 10 |     await page.goto('/');
         |                ^
      11 |   });
      12 |
      13 |   test.describe('XSS Protection', () => {
        at C:\Users\yn098\youssef's project\Aurora\flutter\aurora_ecommerse\vite-react\e2e\security.spec.ts:10:16

    attachment #1: screenshot (image/png) ──────────────────────────────────────────────────────────
    ..\playwright-report\artifacts\security-Security-Tests-CS-c2274--CSRF-token-in-API-requests-Mobile-Safari\test-failed-1.png
    ────────────────────────────────────────────────────────────────────────────────────────────────

    Error Context: ..\playwright-report\artifacts\security-Security-Tests-CS-c2274--CSRF-token-in-API-requests-Mobile-Safari\error-context.md
]]>
</error>
</testcase>
<testcase name="Security Tests › Input Validation › should validate email format" classname="security.spec.ts" time="2.529">
<system-err>
<![CDATA[
Warning: attachment artifacts\security-Security-Tests-In-c7490-hould-validate-email-format-Mobile-Safari\test-failed-1.png is missing
Warning: attachment artifacts\security-Security-Tests-In-c7490-hould-validate-email-format-Mobile-Safari\error-context.md is missing]]>
</system-err>
<error message="page.goto: Could not connect to server" type="Error">
<![CDATA[  [Mobile Safari] › security.spec.ts:112:5 › Security Tests › Input Validation › should validate email format 

    Error: page.goto: Could not connect to server
    Call log:
      - navigating to "http://localhost:5173/", waiting until "load"


       8 | test.describe('Security Tests', () => {
       9 |   test.beforeEach(async ({ page }) => {
    > 10 |     await page.goto('/');
         |                ^
      11 |   });
      12 |
      13 |   test.describe('XSS Protection', () => {
        at C:\Users\yn098\youssef's project\Aurora\flutter\aurora_ecommerse\vite-react\e2e\security.spec.ts:10:16

    attachment #1: screenshot (image/png) ──────────────────────────────────────────────────────────
    ..\playwright-report\artifacts\security-Security-Tests-In-c7490-hould-validate-email-format-Mobile-Safari\test-failed-1.png
    ────────────────────────────────────────────────────────────────────────────────────────────────

    Error Context: ..\playwright-report\artifacts\security-Security-Tests-In-c7490-hould-validate-email-format-Mobile-Safari\error-context.md
]]>
</error>
</testcase>
<testcase name="Security Tests › Input Validation › should validate phone format" classname="security.spec.ts" time="2.582">
<system-err>
<![CDATA[
Warning: attachment artifacts\security-Security-Tests-In-cfede-hould-validate-phone-format-Mobile-Safari\test-failed-1.png is missing
Warning: attachment artifacts\security-Security-Tests-In-cfede-hould-validate-phone-format-Mobile-Safari\error-context.md is missing]]>
</system-err>
<error message="page.goto: Could not connect to server" type="Error">
<![CDATA[  [Mobile Safari] › security.spec.ts:122:5 › Security Tests › Input Validation › should validate phone format 

    Error: page.goto: Could not connect to server
    Call log:
      - navigating to "http://localhost:5173/", waiting until "load"


       8 | test.describe('Security Tests', () => {
       9 |   test.beforeEach(async ({ page }) => {
    > 10 |     await page.goto('/');
         |                ^
      11 |   });
      12 |
      13 |   test.describe('XSS Protection', () => {
        at C:\Users\yn098\youssef's project\Aurora\flutter\aurora_ecommerse\vite-react\e2e\security.spec.ts:10:16

    attachment #1: screenshot (image/png) ──────────────────────────────────────────────────────────
    ..\playwright-report\artifacts\security-Security-Tests-In-cfede-hould-validate-phone-format-Mobile-Safari\test-failed-1.png
    ────────────────────────────────────────────────────────────────────────────────────────────────

    Error Context: ..\playwright-report\artifacts\security-Security-Tests-In-cfede-hould-validate-phone-format-Mobile-Safari\error-context.md
]]>
</error>
</testcase>
<testcase name="Security Tests › Input Validation › should enforce password requirements" classname="security.spec.ts" time="2.504">
<system-err>
<![CDATA[
Warning: attachment artifacts\security-Security-Tests-In-57868-force-password-requirements-Mobile-Safari\test-failed-1.png is missing
Warning: attachment artifacts\security-Security-Tests-In-57868-force-password-requirements-Mobile-Safari\error-context.md is missing]]>
</system-err>
<error message="page.goto: Could not connect to server" type="Error">
<![CDATA[  [Mobile Safari] › security.spec.ts:134:5 › Security Tests › Input Validation › should enforce password requirements 

    Error: page.goto: Could not connect to server
    Call log:
      - navigating to "http://localhost:5173/", waiting until "load"


       8 | test.describe('Security Tests', () => {
       9 |   test.beforeEach(async ({ page }) => {
    > 10 |     await page.goto('/');
         |                ^
      11 |   });
      12 |
      13 |   test.describe('XSS Protection', () => {
        at C:\Users\yn098\youssef's project\Aurora\flutter\aurora_ecommerse\vite-react\e2e\security.spec.ts:10:16

    attachment #1: screenshot (image/png) ──────────────────────────────────────────────────────────
    ..\playwright-report\artifacts\security-Security-Tests-In-57868-force-password-requirements-Mobile-Safari\test-failed-1.png
    ────────────────────────────────────────────────────────────────────────────────────────────────

    Error Context: ..\playwright-report\artifacts\security-Security-Tests-In-57868-force-password-requirements-Mobile-Safari\error-context.md
]]>
</error>
</testcase>
<testcase name="Security Tests › Input Validation › should limit input length" classname="security.spec.ts" time="2.563">
<system-err>
<![CDATA[
Warning: attachment artifacts\security-Security-Tests-In-5a5e3-n-should-limit-input-length-Mobile-Safari\test-failed-1.png is missing
Warning: attachment artifacts\security-Security-Tests-In-5a5e3-n-should-limit-input-length-Mobile-Safari\error-context.md is missing]]>
</system-err>
<error message="page.goto: Could not connect to server" type="Error">
<![CDATA[  [Mobile Safari] › security.spec.ts:144:5 › Security Tests › Input Validation › should limit input length 

    Error: page.goto: Could not connect to server
    Call log:
      - navigating to "http://localhost:5173/", waiting until "load"


       8 | test.describe('Security Tests', () => {
       9 |   test.beforeEach(async ({ page }) => {
    > 10 |     await page.goto('/');
         |                ^
      11 |   });
      12 |
      13 |   test.describe('XSS Protection', () => {
        at C:\Users\yn098\youssef's project\Aurora\flutter\aurora_ecommerse\vite-react\e2e\security.spec.ts:10:16

    attachment #1: screenshot (image/png) ──────────────────────────────────────────────────────────
    ..\playwright-report\artifacts\security-Security-Tests-In-5a5e3-n-should-limit-input-length-Mobile-Safari\test-failed-1.png
    ────────────────────────────────────────────────────────────────────────────────────────────────

    Error Context: ..\playwright-report\artifacts\security-Security-Tests-In-5a5e3-n-should-limit-input-length-Mobile-Safari\error-context.md
]]>
</error>
</testcase>
<testcase name="Security Tests › Security Headers › should have security headers" classname="security.spec.ts" time="2.634">
<system-err>
<![CDATA[
Warning: attachment artifacts\security-Security-Tests-Se-731de-hould-have-security-headers-Mobile-Safari\test-failed-1.png is missing
Warning: attachment artifacts\security-Security-Tests-Se-731de-hould-have-security-headers-Mobile-Safari\error-context.md is missing]]>
</system-err>
<error message="page.goto: Could not connect to server" type="Error">
<![CDATA[  [Mobile Safari] › security.spec.ts:159:5 › Security Tests › Security Headers › should have security headers 

    Error: page.goto: Could not connect to server
    Call log:
      - navigating to "http://localhost:5173/", waiting until "load"


       8 | test.describe('Security Tests', () => {
       9 |   test.beforeEach(async ({ page }) => {
    > 10 |     await page.goto('/');
         |                ^
      11 |   });
      12 |
      13 |   test.describe('XSS Protection', () => {
        at C:\Users\yn098\youssef's project\Aurora\flutter\aurora_ecommerse\vite-react\e2e\security.spec.ts:10:16

    attachment #1: screenshot (image/png) ──────────────────────────────────────────────────────────
    ..\playwright-report\artifacts\security-Security-Tests-Se-731de-hould-have-security-headers-Mobile-Safari\test-failed-1.png
    ────────────────────────────────────────────────────────────────────────────────────────────────

    Error Context: ..\playwright-report\artifacts\security-Security-Tests-Se-731de-hould-have-security-headers-Mobile-Safari\error-context.md
]]>
</error>
</testcase>
<testcase name="Security Tests › Clickjacking Protection › should prevent framing" classname="security.spec.ts" time="2.644">
<system-err>
<![CDATA[
Warning: attachment artifacts\security-Security-Tests-Cl-a6682-tion-should-prevent-framing-Mobile-Safari\test-failed-1.png is missing
Warning: attachment artifacts\security-Security-Tests-Cl-a6682-tion-should-prevent-framing-Mobile-Safari\error-context.md is missing]]>
</system-err>
<error message="page.goto: Could not connect to server" type="Error">
<![CDATA[  [Mobile Safari] › security.spec.ts:177:5 › Security Tests › Clickjacking Protection › should prevent framing 

    Error: page.goto: Could not connect to server
    Call log:
      - navigating to "http://localhost:5173/", waiting until "load"


       8 | test.describe('Security Tests', () => {
       9 |   test.beforeEach(async ({ page }) => {
    > 10 |     await page.goto('/');
         |                ^
      11 |   });
      12 |
      13 |   test.describe('XSS Protection', () => {
        at C:\Users\yn098\youssef's project\Aurora\flutter\aurora_ecommerse\vite-react\e2e\security.spec.ts:10:16

    attachment #1: screenshot (image/png) ──────────────────────────────────────────────────────────
    ..\playwright-report\artifacts\security-Security-Tests-Cl-a6682-tion-should-prevent-framing-Mobile-Safari\test-failed-1.png
    ────────────────────────────────────────────────────────────────────────────────────────────────

    Error Context: ..\playwright-report\artifacts\security-Security-Tests-Cl-a6682-tion-should-prevent-framing-Mobile-Safari\error-context.md
]]>
</error>
</testcase>
<testcase name="Security Tests › Session Security › should use secure cookies" classname="security.spec.ts" time="2.581">
<system-err>
<![CDATA[
Warning: attachment artifacts\security-Security-Tests-Se-99354-y-should-use-secure-cookies-Mobile-Safari\test-failed-1.png is missing
Warning: attachment artifacts\security-Security-Tests-Se-99354-y-should-use-secure-cookies-Mobile-Safari\error-context.md is missing]]>
</system-err>
<error message="page.goto: Could not connect to server" type="Error">
<![CDATA[  [Mobile Safari] › security.spec.ts:196:5 › Security Tests › Session Security › should use secure cookies 

    Error: page.goto: Could not connect to server
    Call log:
      - navigating to "http://localhost:5173/", waiting until "load"


       8 | test.describe('Security Tests', () => {
       9 |   test.beforeEach(async ({ page }) => {
    > 10 |     await page.goto('/');
         |                ^
      11 |   });
      12 |
      13 |   test.describe('XSS Protection', () => {
        at C:\Users\yn098\youssef's project\Aurora\flutter\aurora_ecommerse\vite-react\e2e\security.spec.ts:10:16

    attachment #1: screenshot (image/png) ──────────────────────────────────────────────────────────
    ..\playwright-report\artifacts\security-Security-Tests-Se-99354-y-should-use-secure-cookies-Mobile-Safari\test-failed-1.png
    ────────────────────────────────────────────────────────────────────────────────────────────────

    Error Context: ..\playwright-report\artifacts\security-Security-Tests-Se-99354-y-should-use-secure-cookies-Mobile-Safari\error-context.md
]]>
</error>
</testcase>
<testcase name="Security Tests › Session Security › should logout and clear session" classname="security.spec.ts" time="2.537">
<system-err>
<![CDATA[
Warning: attachment artifacts\security-Security-Tests-Se-786f4-ld-logout-and-clear-session-Mobile-Safari\test-failed-1.png is missing
Warning: attachment artifacts\security-Security-Tests-Se-786f4-ld-logout-and-clear-session-Mobile-Safari\error-context.md is missing]]>
</system-err>
<error message="page.goto: Could not connect to server" type="Error">
<![CDATA[  [Mobile Safari] › security.spec.ts:210:5 › Security Tests › Session Security › should logout and clear session 

    Error: page.goto: Could not connect to server
    Call log:
      - navigating to "http://localhost:5173/", waiting until "load"


       8 | test.describe('Security Tests', () => {
       9 |   test.beforeEach(async ({ page }) => {
    > 10 |     await page.goto('/');
         |                ^
      11 |   });
      12 |
      13 |   test.describe('XSS Protection', () => {
        at C:\Users\yn098\youssef's project\Aurora\flutter\aurora_ecommerse\vite-react\e2e\security.spec.ts:10:16

    attachment #1: screenshot (image/png) ──────────────────────────────────────────────────────────
    ..\playwright-report\artifacts\security-Security-Tests-Se-786f4-ld-logout-and-clear-session-Mobile-Safari\test-failed-1.png
    ────────────────────────────────────────────────────────────────────────────────────────────────

    Error Context: ..\playwright-report\artifacts\security-Security-Tests-Se-786f4-ld-logout-and-clear-session-Mobile-Safari\error-context.md
]]>
</error>
</testcase>
<testcase name="Security Tests › Error Handling › should show generic error messages" classname="security.spec.ts" time="2.488">
<system-err>
<![CDATA[
Warning: attachment artifacts\security-Security-Tests-Er-bada1-show-generic-error-messages-Mobile-Safari\test-failed-1.png is missing
Warning: attachment artifacts\security-Security-Tests-Er-bada1-show-generic-error-messages-Mobile-Safari\error-context.md is missing]]>
</system-err>
<error message="page.goto: Could not connect to server" type="Error">
<![CDATA[  [Mobile Safari] › security.spec.ts:234:5 › Security Tests › Error Handling › should show generic error messages 

    Error: page.goto: Could not connect to server
    Call log:
      - navigating to "http://localhost:5173/", waiting until "load"


       8 | test.describe('Security Tests', () => {
       9 |   test.beforeEach(async ({ page }) => {
    > 10 |     await page.goto('/');
         |                ^
      11 |   });
      12 |
      13 |   test.describe('XSS Protection', () => {
        at C:\Users\yn098\youssef's project\Aurora\flutter\aurora_ecommerse\vite-react\e2e\security.spec.ts:10:16

    attachment #1: screenshot (image/png) ──────────────────────────────────────────────────────────
    ..\playwright-report\artifacts\security-Security-Tests-Er-bada1-show-generic-error-messages-Mobile-Safari\test-failed-1.png
    ────────────────────────────────────────────────────────────────────────────────────────────────

    Error Context: ..\playwright-report\artifacts\security-Security-Tests-Er-bada1-show-generic-error-messages-Mobile-Safari\error-context.md
]]>
</error>
</testcase>
<testcase name="Security Tests › Error Handling › should handle 404 errors" classname="security.spec.ts" time="2.494">
<system-err>
<![CDATA[
Warning: attachment artifacts\security-Security-Tests-Er-c072c-ng-should-handle-404-errors-Mobile-Safari\test-failed-1.png is missing
Warning: attachment artifacts\security-Security-Tests-Er-c072c-ng-should-handle-404-errors-Mobile-Safari\error-context.md is missing]]>
</system-err>
<error message="page.goto: Could not connect to server" type="Error">
<![CDATA[  [Mobile Safari] › security.spec.ts:250:5 › Security Tests › Error Handling › should handle 404 errors 

    Error: page.goto: Could not connect to server
    Call log:
      - navigating to "http://localhost:5173/", waiting until "load"


       8 | test.describe('Security Tests', () => {
       9 |   test.beforeEach(async ({ page }) => {
    > 10 |     await page.goto('/');
         |                ^
      11 |   });
      12 |
      13 |   test.describe('XSS Protection', () => {
        at C:\Users\yn098\youssef's project\Aurora\flutter\aurora_ecommerse\vite-react\e2e\security.spec.ts:10:16

    attachment #1: screenshot (image/png) ──────────────────────────────────────────────────────────
    ..\playwright-report\artifacts\security-Security-Tests-Er-c072c-ng-should-handle-404-errors-Mobile-Safari\test-failed-1.png
    ────────────────────────────────────────────────────────────────────────────────────────────────

    Error Context: ..\playwright-report\artifacts\security-Security-Tests-Er-c072c-ng-should-handle-404-errors-Mobile-Safari\error-context.md
]]>
</error>
</testcase>
</testsuite>
</testsuites>